<?xml version="1.0" encoding="UTF-8"?>
<testng-results ignored="0" total="1" passed="1" failed="0" skipped="0">
  <reporter-output>
  </reporter-output>
  <suite started-at="2023-09-20T09:41:20Z" name="Default suite" finished-at="2023-09-20T09:42:00Z" duration-ms="40106">
    <groups>
    </groups>
    <test started-at="2023-09-20T09:41:20Z" name="Default test" finished-at="2023-09-20T09:42:00Z" duration-ms="40106">
      <class name="org.verifyValidateFormWithName">
        <test-method is-config="true" signature="ConfigureAppium()[pri:0, instance:org.verifyValidateFormWithName@1f53a5dc]" started-at="2023-09-20T09:41:20Z" name="ConfigureAppium" finished-at="2023-09-20T09:41:52Z" duration-ms="31356" status="PASS">
          <reporter-output>
          </reporter-output>
        </test-method> <!-- ConfigureAppium -->
        <test-method is-config="true" signature="preSetup()[pri:0, instance:org.verifyValidateFormWithName@1f53a5dc]" started-at="2023-09-20T09:41:52Z" name="preSetup" finished-at="2023-09-20T09:41:53Z" duration-ms="932" status="PASS">
          <reporter-output>
          </reporter-output>
        </test-method> <!-- preSetup -->
        <test-method signature="verifyValidateFormWithName(java.lang.String, java.lang.String, java.lang.String)[pri:0, instance:org.verifyValidateFormWithName@1f53a5dc]" started-at="2023-09-20T09:41:53Z" name="verifyValidateFormWithName" data-provider="getData" finished-at="2023-09-20T09:41:59Z" duration-ms="6347" status="PASS">
          <params>
            <param index="0">
              <value>
                <![CDATA[Quy Bui]]>
              </value>
            </param>
            <param index="1">
              <value>
                <![CDATA[Female]]>
              </value>
            </param>
            <param index="2">
              <value>
                <![CDATA[Andorra]]>
              </value>
            </param>
          </params>
          <reporter-output>
          </reporter-output>
        </test-method> <!-- verifyValidateFormWithName -->
        <test-method is-config="true" signature="tearDown()[pri:0, instance:org.verifyValidateFormWithName@1f53a5dc]" started-at="2023-09-20T09:41:59Z" name="tearDown" finished-at="2023-09-20T09:42:00Z" duration-ms="1455" status="PASS">
          <reporter-output>
          </reporter-output>
        </test-method> <!-- tearDown -->
        <test-method is-config="true" signature="tearDown()[pri:0, instance:org.verifyValidateFormWithName@1f53a5dc]" started-at="2023-09-20T09:42:00Z" name="tearDown" finished-at="2023-09-20T09:42:00Z" duration-ms="0" status="PASS">
          <reporter-output>
          </reporter-output>
        </test-method> <!-- tearDown -->
      </class> <!-- org.verifyValidateFormWithName -->
    </test> <!-- Default test -->
  </suite> <!-- Default suite -->
</testng-results>
