<?xml version="1.0" encoding="UTF-8"?>
<!-- Generated by org.testng.reporters.JUnitXMLReporter -->
<testsuite ignored="0" hostname="lapdell-0235" failures="0" tests="4" name="Test" time="66.159" errors="0" timestamp="25 Sep 2023 11:02:13 GMT">
  <testcase classname="org.verifyFillFormAndAddToCart" name="verifyFillFormAndAddToCart" time="17.937"/>
  <testcase classname="org.verifyFillFormAndAddToCart" name="verifyFillFormAndAddToCart" time="17.097"/>
  <testcase classname="org.verifyValidateFormWithName" name="verifyValidateFormWithName" time="6.115"/>
  <testcase classname="org.verifyValidateFormWithoutName" name="verifyValidateFormWithoutName" time="4.526"/>
</testsuite> <!-- Test -->
