<?xml version="1.0" encoding="UTF-8"?>
<!-- Generated by org.testng.reporters.JUnitXMLReporter -->
<testsuite ignored="0" hostname="lapdell-0235" failures="2" tests="4" name="Test" time="166.182" errors="0" timestamp="01 Oct 2023 04:56:40 GMT">
  <testcase classname="org.TestUtils.AndroidBaseTest" name="@AfterClass tearDown" time="1.667">
    <failure type="java.lang.NullPointerException">
      <![CDATA[java.lang.NullPointerException
at org.TestUtils.AndroidBaseTest.tearDown(AndroidBaseTest.java:131)
... Removed 26 stack frames]]>
    </failure>
  </testcase> <!-- @AfterClass tearDown -->
  <testcase classname="org.TestUtils.AndroidBaseTest" name="@AfterClass tearDown" time="1.665">
    <failure type="java.lang.NullPointerException">
      <![CDATA[java.lang.NullPointerException
at org.TestUtils.AndroidBaseTest.tearDown(AndroidBaseTest.java:131)
... Removed 26 stack frames]]>
    </failure>
  </testcase> <!-- @AfterClass tearDown -->
  <testcase classname="org.TestUtils.AndroidBaseTest" name="@AfterClass tearDown" time="1.594">
    <failure type="java.lang.NullPointerException">
      <![CDATA[java.lang.NullPointerException
at org.TestUtils.AndroidBaseTest.tearDown(AndroidBaseTest.java:131)
... Removed 26 stack frames]]>
    </failure>
  </testcase> <!-- @AfterClass tearDown -->
  <testcase classname="org.verifyFillFormAndAddToCart" name="verifyFillFormAndAddToCart" time="19.834">
    <failure type="java.lang.IndexOutOfBoundsException" message="Index 0 out of bounds for length 0">
      <![CDATA[java.lang.IndexOutOfBoundsException: Index 0 out of bounds for length 0
at java.base/jdk.internal.util.Preconditions.outOfBounds(Preconditions.java:64)
at java.base/jdk.internal.util.Preconditions.outOfBoundsCheckIndex(Preconditions.java:70)
at java.base/jdk.internal.util.Preconditions.checkIndex(Preconditions.java:248)
at java.base/java.util.Objects.checkIndex(Objects.java:372)
at java.base/java.util.ArrayList.get(ArrayList.java:459)
at io.appium.java_client.pagefactory.ElementListInterceptor.getObject(ElementListInterceptor.java:40)
at io.appium.java_client.pagefactory.interceptors.InterceptorOfAListOfElements.intercept(InterceptorOfAListOfElements.java:49)
at $java.util.ArrayList$$EnhancerByCGLIB$$b5855c01.get(<generated>)
at org.pageObjects.android.ProductCatalogue.addItemToCartByIndex(ProductCatalogue.java:46)
at org.verifyFillFormAndAddToCart.verifyFillFormAndAddToCart(verifyFillFormAndAddToCart.java:29)
... Removed 29 stack frames]]>
    </failure>
  </testcase> <!-- verifyFillFormAndAddToCart -->
  <testcase classname="org.verifyFillFormAndAddToCart" name="verifyFillFormAndAddToCart" time="19.324">
    <failure type="java.lang.IndexOutOfBoundsException" message="Index 0 out of bounds for length 0">
      <![CDATA[java.lang.IndexOutOfBoundsException: Index 0 out of bounds for length 0
at java.base/jdk.internal.util.Preconditions.outOfBounds(Preconditions.java:64)
at java.base/jdk.internal.util.Preconditions.outOfBoundsCheckIndex(Preconditions.java:70)
at java.base/jdk.internal.util.Preconditions.checkIndex(Preconditions.java:248)
at java.base/java.util.Objects.checkIndex(Objects.java:372)
at java.base/java.util.ArrayList.get(ArrayList.java:459)
at io.appium.java_client.pagefactory.ElementListInterceptor.getObject(ElementListInterceptor.java:40)
at io.appium.java_client.pagefactory.interceptors.InterceptorOfAListOfElements.intercept(InterceptorOfAListOfElements.java:49)
at $java.util.ArrayList$$EnhancerByCGLIB$$b5855c01.get(<generated>)
at org.pageObjects.android.ProductCatalogue.addItemToCartByIndex(ProductCatalogue.java:46)
at org.verifyFillFormAndAddToCart.verifyFillFormAndAddToCart(verifyFillFormAndAddToCart.java:29)
... Removed 29 stack frames]]>
    </failure>
  </testcase> <!-- verifyFillFormAndAddToCart -->
  <testcase classname="org.verifyValidateFormWithName" name="verifyValidateFormWithName" time="12.483"/>
  <testcase classname="org.verifyValidateFormWithoutName" name="verifyValidateFormWithoutName" time="8.88"/>
</testsuite> <!-- Test -->
