<?xml version="1.0" encoding="UTF-8"?>
<testng-results ignored="0" total="1" passed="1" failed="0" skipped="0">
  <reporter-output>
  </reporter-output>
  <suite started-at="2023-10-12T14:30:45 ICT" name="Default suite" finished-at="2023-10-12T14:31:11 ICT" duration-ms="25897">
    <groups>
    </groups>
    <test started-at="2023-10-12T14:30:45 ICT" name="Default test" finished-at="2023-10-12T14:31:11 ICT" duration-ms="25897">
      <class name="org.verifyValidateFormWithName">
        <test-method is-config="true" signature="ConfigureAppium()[pri:0, instance:org.verifyValidateFormWithName@1c742ed4]" started-at="2023-10-12T14:30:45 ICT" name="ConfigureAppium" finished-at="2023-10-12T14:30:59 ICT" duration-ms="14539" status="PASS">
          <reporter-output>
          </reporter-output>
        </test-method> <!-- ConfigureAppium -->
        <test-method is-config="true" signature="preSetup()[pri:0, instance:org.verifyValidateFormWithName@1c742ed4]" started-at="2023-10-12T14:30:59 ICT" name="preSetup" finished-at="2023-10-12T14:31:01 ICT" duration-ms="1501" status="PASS">
          <reporter-output>
          </reporter-output>
        </test-method> <!-- preSetup -->
        <test-method signature="verifyValidateFormWithName(java.lang.String,java.lang.String,java.lang.String)[pri:0, instance:org.verifyValidateFormWithName@1c742ed4]" started-at="2023-10-12T14:31:01 ICT" name="verifyValidateFormWithName" data-provider="getData" finished-at="2023-10-12T14:31:10 ICT" duration-ms="9393" status="PASS">
          <params>
            <param index="0">
              <value>
                <![CDATA[Quy Bui]]>
              </value>
            </param>
            <param index="1">
              <value>
                <![CDATA[Female]]>
              </value>
            </param>
            <param index="2">
              <value>
                <![CDATA[Andorra]]>
              </value>
            </param>
          </params>
          <reporter-output>
          </reporter-output>
        </test-method> <!-- verifyValidateFormWithName -->
        <test-method is-config="true" signature="tearDown()[pri:0, instance:org.verifyValidateFormWithName@1c742ed4]" started-at="2023-10-12T14:31:10 ICT" name="tearDown" finished-at="2023-10-12T14:31:11 ICT" duration-ms="426" status="PASS">
          <reporter-output>
          </reporter-output>
        </test-method> <!-- tearDown -->
      </class> <!-- org.verifyValidateFormWithName -->
    </test> <!-- Default test -->
  </suite> <!-- Default suite -->
</testng-results>
